<?xml version="1.0" encoding="UTF-8"?>
<robot generator="Robot 5.0 (Python 3.7.5 on win32)" generated="20220617 10:26:51.219" rpa="false" schemaversion="3">
<suite id="s1" name="Robot Interactive Console" source="c:\Users\absear\.vscode\extensions\robocorp.robotframework-lsp-0.48.2\src\robotframework_ls\vendored\robotframework_interactive\robot_interactive_console.robot">
<test id="s1-t1" name="Default Task/Test" line="5">
<kw name="Interpreter Main Loop" library="MainLoop">
<status status="PASS" starttime="20220617 10:26:51.286" endtime="20220617 10:27:11.960"/>
</kw>
<status status="PASS" starttime="20220617 10:26:51.285" endtime="20220617 10:27:11.960"/>
</test>
<status status="PASS" starttime="20220617 10:26:51.221" endtime="20220617 10:27:11.962"/>
</suite>
<statistics>
<total>
<stat pass="1" fail="0" skip="0">All Tests</stat>
</total>
<tag>
</tag>
<suite>
<stat pass="1" fail="0" skip="0" id="s1" name="Robot Interactive Console">Robot Interactive Console</stat>
</suite>
</statistics>
<errors>
</errors>
</robot>
